<?xml version="1.0" encoding="UTF-8"?>
<!-- Generated by org.testng.reporters.JUnitReportReporter -->
<testsuite skipped="0" hostname="IN-KAPIL-LT" name="com.demo.TestScripts.Verify_The_Registrartion_Page" tests="1" failures="0" timestamp="10 Feb 2021 08:14:22 GMT" time="13.485" errors="0">
  <testcase name="LoginToTheApplication" time="13.485" classname="com.demo.TestScripts.Verify_The_Registrartion_Page"/>
</testsuite> <!-- com.demo.TestScripts.Verify_The_Registrartion_Page -->
