<?xml version="1.0" encoding="UTF-8"?>
<!-- Generated by org.testng.reporters.JUnitReportReporter -->
<testsuite skipped="0" hostname="IN-KAPIL-LT" name="com.demo.TestScripts.Verify_The_Registrartion_Page" tests="2" failures="0" timestamp="06 May 2020 11:52:27 GMT" time="24.825" errors="0">
  <testcase name="LoginToTheApplication" time="13.122" classname="com.demo.TestScripts.Verify_The_Registrartion_Page"/>
  <testcase name="BookAFlight" time="11.703" classname="com.demo.TestScripts.Verify_The_Registrartion_Page"/>
</testsuite> <!-- com.demo.TestScripts.Verify_The_Registrartion_Page -->
