<?xml version="1.0" encoding="UTF-8"?>
<!-- Generated by org.testng.reporters.JUnitReportReporter -->
<testsuite skipped="0" hostname="IN-KAPIL-LT" name="com.demo.TestScripts.Verify_The_Registrartion_Page" tests="2" failures="0" timestamp="27 Apr 2020 11:24:49 GMT" time="0.014" errors="0">
  <testcase name="testmethod1" time="0.001" classname="com.demo.TestScripts.Verify_The_Registrartion_Page"/>
  <testcase name="testmethod" time="0.013" classname="com.demo.TestScripts.Verify_The_Registrartion_Page"/>
</testsuite> <!-- com.demo.TestScripts.Verify_The_Registrartion_Page -->
