<?xml version="1.0" encoding="UTF-8"?>
<!-- Generated by org.testng.reporters.JUnitReportReporter -->
<testsuite skipped="0" hostname="IN-KAPIL-LT" name="com.demo.TestScripts.Verify_The_Registrartion_Page" tests="2" failures="0" timestamp="07 May 2020 09:37:48 GMT" time="27.147" errors="0">
  <testcase name="LoginToTheApplication" time="13.702" classname="com.demo.TestScripts.Verify_The_Registrartion_Page"/>
  <testcase name="BookAFlight" time="13.445" classname="com.demo.TestScripts.Verify_The_Registrartion_Page"/>
</testsuite> <!-- com.demo.TestScripts.Verify_The_Registrartion_Page -->
